2024-09-22 10:34:33,462 [INFO] Activator:176 - 


2024-09-22 10:34:33,463 [INFO] Activator:177 - !SESSION log4j initialized
2024-09-22 10:34:36,363 [INFO] LogOutputStream:77 - [STDOUT_REDIRECT] 
2024-09-22 10:34:38,553 [INFO] ApplicationProperties:184 - Using Application install path: C:\ST\STM32CubeIDE_1.13.2\STM32CubeIDE\plugins\com.st.stm32cube.common.mx_6.9.2.202309101412
2024-09-22 10:34:38,583 [INFO] DbMcusXml:78 - Set database path to: C:\ST\STM32CubeIDE_1.13.2\STM32CubeIDE\plugins\com.st.stm32cube.common.mx_6.9.2.202309101412\\db\/mcu/
2024-09-22 10:34:38,587 [INFO] ApiDb:274 - Set plugin database path to: C:\ST\STM32CubeIDE_1.13.2\STM32CubeIDE\plugins\com.st.stm32cube.common.mx_6.9.2.202309101412\\db\/plugins/boardmanager/
2024-09-22 10:34:38,592 [WARN] ApiDb:259 - Overriding images path with different value:  => C:\ST\STM32CubeIDE_1.13.2\STM32CubeIDE\plugins\com.st.stm32cube.common.mx_6.9.2.202309101412\\db\/plugins/mcufinder/images/
2024-09-22 10:34:38,603 [INFO] ApiDb:250 - Set database path to: C:\Users\Xavier\.stmcufinder\plugins\mcufinder//mcu/
2024-09-22 10:34:38,605 [INFO] DbMcusAds:125 - Set database path to: C:\Users\Xavier\.stmcufinder\plugins\mcufinder//mcu/
2024-09-22 10:34:38,606 [INFO] CrossReferenceDbSqlite:203 - Set database path to: C:\Users\Xavier\.stmcufinder\plugins\mcufinder//mcu/cs/
2024-09-22 10:34:38,759 [INFO] RulesReader:64 - Compatibility file has been processed (293 Rules)
2024-09-22 10:34:38,846 [INFO] DbMcusXml:78 - Set database path to: C:\ST\STM32CubeIDE_1.13.2\STM32CubeIDE\plugins\com.st.stm32cube.common.mx_6.9.2.202309101412\\db\/mcu/
2024-09-22 10:34:38,846 [INFO] ApiDb:274 - Set plugin database path to: C:\ST\STM32CubeIDE_1.13.2\STM32CubeIDE\plugins\com.st.stm32cube.common.mx_6.9.2.202309101412\\db\/plugins/boardmanager/
2024-09-22 10:34:38,846 [INFO] ApiDb:261 - Set plugin images path to: C:\ST\STM32CubeIDE_1.13.2\STM32CubeIDE\plugins\com.st.stm32cube.common.mx_6.9.2.202309101412\\db\/plugins/mcufinder/images/
2024-09-22 10:34:38,847 [WARN] DbFile:41 - Overriding database path with different value: C:\Users\Xavier\.stmcufinder\plugins\mcufinder/ => C:\Users\Xavier\.stmcufinder\plugins\mcufinder
2024-09-22 10:34:38,847 [INFO] ApiDb:250 - Set database path to: C:\Users\Xavier\.stmcufinder\plugins\mcufinder//mcu/
2024-09-22 10:34:38,847 [WARN] DbFile:41 - Overriding database path with different value: C:\Users\Xavier\.stmcufinder\plugins\mcufinder/ => C:\Users\Xavier\.stmcufinder\plugins\mcufinder
2024-09-22 10:34:38,847 [INFO] DbMcusAds:125 - Set database path to: C:\Users\Xavier\.stmcufinder\plugins\mcufinder//mcu/
2024-09-22 10:34:38,847 [WARN] DbFile:41 - Overriding database path with different value: C:\Users\Xavier\.stmcufinder\plugins\mcufinder/ => C:\Users\Xavier\.stmcufinder\plugins\mcufinder
2024-09-22 10:34:38,847 [WARN] DbFile:41 - Overriding database path with different value: C:\Users\Xavier\.stmcufinder\plugins\mcufinder/ => C:\Users\Xavier\.stmcufinder\plugins\mcufinder
2024-09-22 10:34:38,847 [INFO] CrossReferenceDbSqlite:203 - Set database path to: C:\Users\Xavier\.stmcufinder\plugins\mcufinder//mcu/cs/
2024-09-22 10:34:38,922 [INFO] MainPanel:262 - HeapMemory: 268435456
2024-09-22 10:34:39,003 [INFO] DbMcusXml:78 - Set database path to: C:\ST\STM32CubeIDE_1.13.2\STM32CubeIDE\plugins\com.st.stm32cube.common.mx_6.9.2.202309101412\\db\/mcu/
2024-09-22 10:34:39,003 [INFO] ApiDb:274 - Set plugin database path to: C:\ST\STM32CubeIDE_1.13.2\STM32CubeIDE\plugins\com.st.stm32cube.common.mx_6.9.2.202309101412\\db\/plugins/boardmanager/
2024-09-22 10:34:39,003 [INFO] ApiDb:261 - Set plugin images path to: C:\ST\STM32CubeIDE_1.13.2\STM32CubeIDE\plugins\com.st.stm32cube.common.mx_6.9.2.202309101412\\db\/plugins/mcufinder/images/
2024-09-22 10:34:39,004 [WARN] DbFile:41 - Overriding database path with different value: C:\Users\Xavier\.stmcufinder\plugins\mcufinder/ => C:\Users\Xavier\.stmcufinder\plugins\mcufinder
2024-09-22 10:34:39,004 [INFO] ApiDb:250 - Set database path to: C:\Users\Xavier\.stmcufinder\plugins\mcufinder//mcu/
2024-09-22 10:34:39,004 [WARN] DbFile:41 - Overriding database path with different value: C:\Users\Xavier\.stmcufinder\plugins\mcufinder/ => C:\Users\Xavier\.stmcufinder\plugins\mcufinder
2024-09-22 10:34:39,004 [INFO] DbMcusAds:125 - Set database path to: C:\Users\Xavier\.stmcufinder\plugins\mcufinder//mcu/
2024-09-22 10:34:39,004 [WARN] DbFile:41 - Overriding database path with different value: C:\Users\Xavier\.stmcufinder\plugins\mcufinder/ => C:\Users\Xavier\.stmcufinder\plugins\mcufinder
2024-09-22 10:34:39,004 [WARN] DbFile:41 - Overriding database path with different value: C:\Users\Xavier\.stmcufinder\plugins\mcufinder/ => C:\Users\Xavier\.stmcufinder\plugins\mcufinder
2024-09-22 10:34:39,004 [INFO] CrossReferenceDbSqlite:203 - Set database path to: C:\Users\Xavier\.stmcufinder\plugins\mcufinder//mcu/cs/
2024-09-22 10:34:39,020 [INFO] ApplicationProperties:184 - Using Application install path: C:\ST\STM32CubeIDE_1.13.2\STM32CubeIDE\plugins\com.st.stm32cube.common.mx_6.9.2.202309101412
2024-09-22 10:34:39,022 [INFO] PluginManage:196 - Search for loadable plugins [exclusion list=, ]
2024-09-22 10:34:39,023 [INFO] PluginManage:310 - Check plugin analytics
2024-09-22 10:34:39,218 [INFO] AnalyticsPlugin:253 - Accepted Software Licenses: 
2024-09-22 10:34:39,218 [INFO] AnalyticsPlugin:255 - Accepted CMSIS Pack Licenses: 
2024-09-22 10:34:39,218 [INFO] AnalyticsPlugin:257 - Accepted Firmware Licenses: FW.F4.1.27.0
2024-09-22 10:34:39,222 [INFO] PluginManage:359 - Loaded plugin analytics (category:tool,tabindex:-1)
2024-09-22 10:34:39,222 [INFO] PluginManage:310 - Check plugin cadmodel
2024-09-22 10:34:39,228 [INFO] CADModel:105 - Init CAD model plugin
2024-09-22 10:34:39,228 [INFO] PluginManage:359 - Loaded plugin cadmodel (category:power,tabindex:5)
2024-09-22 10:34:39,228 [INFO] PluginManage:310 - Check plugin clock
2024-09-22 10:34:39,240 [INFO] PluginManage:359 - Loaded plugin clock (category:base,tabindex:2)
2024-09-22 10:34:39,240 [INFO] PluginManage:310 - Check plugin ddr
2024-09-22 10:34:39,242 [INFO] PluginManage:359 - Loaded plugin ddr (category:tool,tabindex:6)
2024-09-22 10:34:39,243 [INFO] PluginManage:310 - Check plugin filemanager
2024-09-22 10:34:39,398 [INFO] PluginManage:359 - Loaded plugin filemanager (category:base,tabindex:10)
2024-09-22 10:34:39,398 [INFO] PluginManage:310 - Check plugin ipmanager
2024-09-22 10:34:39,406 [INFO] PluginManage:359 - Loaded plugin ipmanager (category:base,tabindex:5)
2024-09-22 10:34:39,406 [INFO] PluginManage:310 - Check plugin lpbam
2024-09-22 10:34:39,415 [INFO] PluginManage:359 - Loaded plugin lpbam (category:base,tabindex:0)
2024-09-22 10:34:39,416 [INFO] PluginManage:310 - Check plugin memorymap
2024-09-22 10:34:39,430 [INFO] PluginManage:359 - Loaded plugin memorymap (category:base,tabindex:4)
2024-09-22 10:34:39,431 [INFO] PluginManage:310 - Check plugin pinoutandconfiguration
2024-09-22 10:34:39,441 [INFO] PluginManage:359 - Loaded plugin pinoutandconfiguration (category:base,tabindex:1)
2024-09-22 10:34:39,441 [INFO] PluginManage:310 - Check plugin pinoutconfig
2024-09-22 10:34:39,549 [WARN] SupportedApi:132 - Cannot load RTOS API schema: s4s-elt-must-match.1: The content of 'definitions' must match (annotation?, (simpleType | complexType)?, (unique | key | keyref)*)). A problem was found starting at: attribute.
2024-09-22 10:34:39,726 [INFO] PluginManage:359 - Loaded plugin pinoutconfig (category:base,tabindex:0)
2024-09-22 10:34:39,726 [INFO] PluginManage:310 - Check plugin power
2024-09-22 10:34:39,733 [INFO] PluginManage:359 - Loaded plugin power (category:power,tabindex:4)
2024-09-22 10:34:39,734 [INFO] PluginManage:310 - Check plugin projectmanager
2024-09-22 10:34:39,749 [INFO] PluginManage:359 - Loaded plugin projectmanager (category:projectmanager,tabindex:3)
2024-09-22 10:34:39,749 [INFO] PluginManage:310 - Check plugin thirdparty
2024-09-22 10:34:39,918 [INFO] PluginManage:359 - Loaded plugin thirdparty (category:base,tabindex:-1)
2024-09-22 10:34:39,919 [INFO] PluginManage:310 - Check plugin tools
2024-09-22 10:34:39,918 [WARN] IntegrityCheckThread:84 - waiting for thirdparty lock release [integrity check]
2024-09-22 10:34:39,919 [INFO] IntegrityCheckThread:86 - entering critical section [integrity check]
2024-09-22 10:34:39,920 [INFO] ThirdPartyUpdaterWithRetryManager:70 - Updater plugin not ready yet. [1/15]
2024-09-22 10:34:39,924 [INFO] PluginManage:359 - Loaded plugin tools (category:base,tabindex:7)
2024-09-22 10:34:39,924 [INFO] PluginManage:310 - Check plugin tutovideos
2024-09-22 10:34:40,100 [INFO] PluginManage:359 - Loaded plugin tutovideos (category:base,tabindex:-1)
2024-09-22 10:34:40,100 [INFO] PluginManage:310 - Check plugin updater
2024-09-22 10:34:40,111 [INFO] PluginManage:359 - Loaded plugin updater (category:base,tabindex:12)
2024-09-22 10:34:40,111 [INFO] PluginManage:310 - Check plugin userauth
2024-09-22 10:34:40,115 [INFO] UserAuth:113 - Init User Auth plugin
2024-09-22 10:34:40,115 [INFO] PluginManage:359 - Loaded plugin userauth (category:base,tabindex:14)
2024-09-22 10:34:40,116 [INFO] PluginManage:283 - PluginManage : Loaded plugins [17]
2024-09-22 10:34:40,378 [INFO] PinOutPanel:1499 - setPackage(No Configuration,No Configuration)
2024-09-22 10:34:40,505 [INFO] CADModel:165 - CPN selected for project level
2024-09-22 10:34:40,506 [INFO] CADModel:114 - Register for checkConnection events
2024-09-22 10:34:40,526 [INFO] IPUIPlugin:80 - create IPUIPlugin
2024-09-22 10:34:40,526 [INFO] PluginManager:220 - loadIPPluginJar : add adc
2024-09-22 10:34:40,528 [INFO] IPUIPlugin:80 - create IPUIPlugin
2024-09-22 10:34:40,528 [INFO] PluginManager:220 - loadIPPluginJar : add aes
2024-09-22 10:34:40,531 [INFO] IPUIPlugin:80 - create IPUIPlugin
2024-09-22 10:34:40,531 [INFO] PluginManager:220 - loadIPPluginJar : add can
2024-09-22 10:34:40,533 [INFO] IPUIPlugin:80 - create IPUIPlugin
2024-09-22 10:34:40,533 [INFO] PluginManager:220 - loadIPPluginJar : add comp
2024-09-22 10:34:40,536 [INFO] IPUIPlugin:80 - create IPUIPlugin
2024-09-22 10:34:40,536 [INFO] PluginManager:220 - loadIPPluginJar : add cryp
2024-09-22 10:34:40,540 [INFO] IPUIPlugin:80 - create IPUIPlugin
2024-09-22 10:34:40,540 [INFO] PluginManager:220 - loadIPPluginJar : add dfsdm
2024-09-22 10:34:40,547 [INFO] IPUIPlugin:80 - create IPUIPlugin
2024-09-22 10:34:40,548 [INFO] PluginManager:220 - loadIPPluginJar : add dma
2024-09-22 10:34:40,550 [INFO] IPUIPlugin:80 - create IPUIPlugin
2024-09-22 10:34:40,550 [INFO] PluginManager:220 - loadIPPluginJar : add dma3
2024-09-22 10:34:40,551 [INFO] IPUIPlugin:80 - create IPUIPlugin
2024-09-22 10:34:40,552 [INFO] PluginManager:220 - loadIPPluginJar : add fatfs
2024-09-22 10:34:40,557 [INFO] IPUIPlugin:80 - create IPUIPlugin
2024-09-22 10:34:40,557 [INFO] PluginManager:220 - loadIPPluginJar : add fmc
2024-09-22 10:34:40,563 [INFO] IPUIPlugin:80 - create IPUIPlugin
2024-09-22 10:34:40,563 [INFO] PluginManager:220 - loadIPPluginJar : add freertos
2024-09-22 10:34:40,565 [INFO] IPUIPlugin:80 - create IPUIPlugin
2024-09-22 10:34:40,565 [INFO] PluginManager:220 - loadIPPluginJar : add genericplugin
2024-09-22 10:34:40,567 [INFO] IPUIPlugin:80 - create IPUIPlugin
2024-09-22 10:34:40,567 [INFO] PluginManager:220 - loadIPPluginJar : add gfxmmu
2024-09-22 10:34:40,573 [INFO] IPUIPlugin:80 - create IPUIPlugin
2024-09-22 10:34:40,573 [INFO] PluginManager:220 - loadIPPluginJar : add gic
2024-09-22 10:34:40,579 [INFO] IPUIPlugin:80 - create IPUIPlugin
2024-09-22 10:34:40,579 [INFO] PluginManager:220 - loadIPPluginJar : add gpio
2024-09-22 10:34:40,581 [INFO] IPUIPlugin:80 - create IPUIPlugin
2024-09-22 10:34:40,582 [INFO] PluginManager:220 - loadIPPluginJar : add gtzc
2024-09-22 10:34:40,583 [INFO] IPUIPlugin:80 - create IPUIPlugin
2024-09-22 10:34:40,583 [INFO] PluginManager:220 - loadIPPluginJar : add hash
2024-09-22 10:34:40,587 [INFO] IPUIPlugin:80 - create IPUIPlugin
2024-09-22 10:34:40,587 [INFO] PluginManager:220 - loadIPPluginJar : add i2c
2024-09-22 10:34:40,590 [INFO] IPUIPlugin:80 - create IPUIPlugin
2024-09-22 10:34:40,591 [INFO] PluginManager:220 - loadIPPluginJar : add i2s
2024-09-22 10:34:40,594 [INFO] IPUIPlugin:80 - create IPUIPlugin
2024-09-22 10:34:40,594 [INFO] PluginManager:220 - loadIPPluginJar : add i3c
2024-09-22 10:34:40,597 [INFO] IPUIPlugin:80 - create IPUIPlugin
2024-09-22 10:34:40,597 [INFO] PluginManager:220 - loadIPPluginJar : add ipddr
2024-09-22 10:34:40,605 [INFO] IPUIPlugin:80 - create IPUIPlugin
2024-09-22 10:34:40,605 [INFO] PluginManager:220 - loadIPPluginJar : add linkedlist
2024-09-22 10:34:40,609 [INFO] IPUIPlugin:80 - create IPUIPlugin
2024-09-22 10:34:40,609 [INFO] PluginManager:220 - loadIPPluginJar : add lorawan
2024-09-22 10:34:40,611 [INFO] IPUIPlugin:80 - create IPUIPlugin
2024-09-22 10:34:40,611 [INFO] PluginManager:220 - loadIPPluginJar : add ltdc
2024-09-22 10:34:40,618 [INFO] IPUIPlugin:80 - create IPUIPlugin
2024-09-22 10:34:40,618 [INFO] PluginManager:220 - loadIPPluginJar : add mdma
2024-09-22 10:34:40,623 [INFO] IPUIPlugin:80 - create IPUIPlugin
2024-09-22 10:34:40,624 [INFO] PluginManager:220 - loadIPPluginJar : add nvic
2024-09-22 10:34:40,627 [INFO] IPUIPlugin:80 - create IPUIPlugin
2024-09-22 10:34:40,628 [INFO] PluginManager:220 - loadIPPluginJar : add opamp
2024-09-22 10:34:40,631 [INFO] IPUIPlugin:80 - create IPUIPlugin
2024-09-22 10:34:40,631 [INFO] PluginManager:220 - loadIPPluginJar : add openamp
2024-09-22 10:34:40,634 [INFO] IPUIPlugin:80 - create IPUIPlugin
2024-09-22 10:34:40,635 [INFO] PluginManager:220 - loadIPPluginJar : add pdm2pcm
2024-09-22 10:34:40,643 [INFO] IPUIPlugin:80 - create IPUIPlugin
2024-09-22 10:34:40,647 [INFO] PluginManager:220 - loadIPPluginJar : add plateformsettings
2024-09-22 10:34:40,649 [INFO] IPUIPlugin:80 - create IPUIPlugin
2024-09-22 10:34:40,649 [INFO] PluginManager:220 - loadIPPluginJar : add quadspi
2024-09-22 10:34:40,653 [INFO] IPUIPlugin:80 - create IPUIPlugin
2024-09-22 10:34:40,653 [INFO] PluginManager:220 - loadIPPluginJar : add resmgrutility
2024-09-22 10:34:40,658 [INFO] IPUIPlugin:80 - create IPUIPlugin
2024-09-22 10:34:40,658 [INFO] PluginManager:220 - loadIPPluginJar : add sai
2024-09-22 10:34:40,661 [INFO] IPUIPlugin:80 - create IPUIPlugin
2024-09-22 10:34:40,661 [INFO] PluginManager:220 - loadIPPluginJar : add spi
2024-09-22 10:34:40,668 [INFO] IPUIPlugin:80 - create IPUIPlugin
2024-09-22 10:34:40,668 [INFO] PluginManager:220 - loadIPPluginJar : add stm32_wpan
2024-09-22 10:34:40,671 [INFO] IPUIPlugin:80 - create IPUIPlugin
2024-09-22 10:34:40,672 [INFO] PluginManager:220 - loadIPPluginJar : add tim
2024-09-22 10:34:40,677 [INFO] IPUIPlugin:80 - create IPUIPlugin
2024-09-22 10:34:40,677 [INFO] PluginManager:220 - loadIPPluginJar : add touchsensing
2024-09-22 10:34:40,679 [INFO] IPUIPlugin:80 - create IPUIPlugin
2024-09-22 10:34:40,679 [INFO] PluginManager:220 - loadIPPluginJar : add tracer_emb
2024-09-22 10:34:40,681 [INFO] IPUIPlugin:80 - create IPUIPlugin
2024-09-22 10:34:40,681 [INFO] PluginManager:220 - loadIPPluginJar : add ts
2024-09-22 10:34:40,684 [INFO] IPUIPlugin:80 - create IPUIPlugin
2024-09-22 10:34:40,684 [INFO] PluginManager:220 - loadIPPluginJar : add tsc
2024-09-22 10:34:40,686 [INFO] IPUIPlugin:80 - create IPUIPlugin
2024-09-22 10:34:40,687 [INFO] PluginManager:220 - loadIPPluginJar : add ucpd
2024-09-22 10:34:40,691 [INFO] IPUIPlugin:80 - create IPUIPlugin
2024-09-22 10:34:40,691 [INFO] PluginManager:220 - loadIPPluginJar : add usart
2024-09-22 10:34:40,695 [INFO] IPUIPlugin:80 - create IPUIPlugin
2024-09-22 10:34:40,695 [INFO] PluginManager:220 - loadIPPluginJar : add usbx
2024-09-22 10:34:40,843 [INFO] CADModel:165 - CPN selected for project level
2024-09-22 10:34:40,843 [INFO] CADModel:114 - Register for checkConnection events
2024-09-22 10:34:40,844 [FATAL] Updater:308 - Updater called before beeing initialized
2024-09-22 10:34:40,844 [ERROR] CADModel:125 - Updater not yet initialized, retry later 
2024-09-22 10:34:41,034 [INFO] CADModel:165 - CPN selected for project level
2024-09-22 10:34:41,034 [INFO] CADModel:114 - Register for checkConnection events
2024-09-22 10:34:41,035 [FATAL] Updater:308 - Updater called before beeing initialized
2024-09-22 10:34:41,035 [ERROR] CADModel:125 - Updater not yet initialized, retry later 
2024-09-22 10:34:41,040 [FATAL] Updater:308 - Updater called before beeing initialized
2024-09-22 10:34:41,169 [FATAL] Updater:308 - Updater called before beeing initialized
2024-09-22 10:34:41,177 [INFO] DbMcusAds:53 - JSON generation date=Thu May 16 17:22:00 CST 2024 (1715851320667)
2024-09-22 10:34:41,177 [FATAL] Updater:308 - Updater called before beeing initialized
2024-09-22 10:34:41,213 [WARN] DetailPanel:346 - Failed to get advertising image, set to default
2024-09-22 10:34:41,313 [FATAL] Updater:308 - Updater called before beeing initialized
2024-09-22 10:34:41,316 [FATAL] Updater:308 - Updater called before beeing initialized
2024-09-22 10:34:41,316 [FATAL] Updater:308 - Updater called before beeing initialized
2024-09-22 10:34:41,316 [WARN] DetailPanel:346 - Failed to get advertising image, set to default
2024-09-22 10:34:41,317 [FATAL] Updater:308 - Updater called before beeing initialized
2024-09-22 10:34:41,402 [ERROR] Updater:1120 - MainUpdater not yet initialized. External WinMGr cannot be set.
2024-09-22 10:34:41,409 [INFO] Updater:1056 - Updater Version found : 6.9.2
2024-09-22 10:34:41,434 [INFO] ApplicationProperties:184 - Using Application install path: C:\ST\STM32CubeIDE_1.13.2\STM32CubeIDE\plugins\com.st.stm32cube.common.mx_6.9.2.202309101412
2024-09-22 10:34:41,646 [INFO] MainUpdater:2868 - connection check result : 10
2024-09-22 10:34:41,648 [INFO] MainUpdater:285 - Updater Check For Update Now.
2024-09-22 10:34:41,648 [INFO] MicroXplorer:498 - Change Database Version : DB.6.0.92
2024-09-22 10:34:41,660 [INFO] McuFinderGlobals:63 - Set McuFinder mode to 2 (CubeIDE integrated)
2024-09-22 10:34:41,660 [INFO] UserAuth:179 - activating auth plugin
2024-09-22 10:34:41,664 [INFO] UserAuth:393 - Internet connection configuration mode: 1
2024-09-22 10:34:41,690 [INFO] JxBrowserEngine:151 - Initiate JxBrowser Engine with user profile folder
2024-09-22 10:34:41,876 [INFO] CheckServerUpdateThread:120 - End of CheckServer Thread
2024-09-22 10:34:42,463 [INFO] WebApp:157 - Instantiating new browser for Auth
2024-09-22 10:34:43,063 [INFO] WebApp:753 - Register for checkConnection events
2024-09-22 10:34:43,064 [INFO] WebApp:390 - Apply proxy settings
2024-09-22 10:34:43,064 [INFO] WebApp:475 - Chromium requires no authentication
2024-09-22 10:34:43,073 [INFO] WebApp:418 - Direct internet connection detected
2024-09-22 10:34:43,151 [WARN] PackLoader:240 - Cannot read IP mode file for STMicroelectronics.FP-SNS-MOTENVWB1.1.4.0
2024-09-22 10:34:43,175 [WARN] PackLoader:240 - Cannot read IP mode file for STMicroelectronics.X-CUBE-SMBUS.2.1.0
2024-09-22 10:34:43,183 [WARN] PackLoader:240 - Cannot read IP mode file for STMicroelectronics.X-CUBE-TOUCHGFX.4.23.2
2024-09-22 10:34:43,235 [WARN] PackLoader:240 - Cannot read IP mode file for STMicroelectronics.X-CUBE-AZRTOS-F7.1.1.0
2024-09-22 10:34:43,254 [WARN] PackLoader:240 - Cannot read IP mode file for STMicroelectronics.FP-SNS-MOTENV1.4.3.2
2024-09-22 10:34:43,389 [WARN] PackLoader:240 - Cannot read IP mode file for STMicroelectronics.X-CUBE-MEMS1.11.0.0
2024-09-22 10:34:43,472 [INFO] WebApp:188 - Starting web application
2024-09-22 10:34:43,473 [INFO] WebApp:520 - Web application path used C:\ST\STM32CubeIDE_1.13.2\STM32CubeIDE\plugins\com.st.stm32cube.common.mx_6.9.2.202309101412\db\plugins\mcufinder\reactClient1\index.html
2024-09-22 10:34:43,683 [WARN] PackLoader:240 - Cannot read IP mode file for STMicroelectronics.FP-SNS-FLIGHT1.5.0.2
2024-09-22 10:34:43,699 [WARN] PackLoader:240 - Cannot read IP mode file for STMicroelectronics.X-CUBE-DISPLAY.3.0.0
2024-09-22 10:34:43,715 [WARN] PackLoader:240 - Cannot read IP mode file for STMicroelectronics.X-CUBE-BLE1.7.0.0
2024-09-22 10:34:43,727 [WARN] PackLoader:240 - Cannot read IP mode file for emotas.I-CUBE-CANOPEN.1.3.0
2024-09-22 10:34:43,731 [WARN] PackLoader:240 - Cannot read IP mode file for STMicroelectronics.X-CUBE-TOUCHGFX.4.22.1
2024-09-22 10:34:43,755 [WARN] PackLoader:240 - Cannot read IP mode file for STMicroelectronics.X-CUBE-BLEMGR.3.1.0
2024-09-22 10:34:43,766 [WARN] PackLoader:240 - Cannot read IP mode file for STMicroelectronics.FP-SNS-SMARTAG2.1.2.0
2024-09-22 10:34:43,780 [INFO] LogOutputStream:77 - [STDOUT_REDIRECT] 1 : Invalid condition id : UX_CORESTACK_Condition cause : null
2024-09-22 10:34:43,781 [INFO] LogOutputStream:77 - [STDOUT_REDIRECT] 1 : Invalid condition id : UX_CORESTACK_Condition cause : null
2024-09-22 10:34:43,783 [INFO] LogOutputStream:77 - [STDOUT_REDIRECT] 1 : Invalid condition id : UX_CORESTACK_Condition cause : null
2024-09-22 10:34:43,784 [INFO] LogOutputStream:77 - [STDOUT_REDIRECT] 1 : Invalid condition id : UX_CORESTACK_Condition cause : null
2024-09-22 10:34:43,788 [INFO] LogOutputStream:77 - [STDOUT_REDIRECT] 1 : Invalid condition id : UX_CORESTACK_Condition cause : null
2024-09-22 10:34:43,793 [WARN] PackLoader:240 - Cannot read IP mode file for STMicroelectronics.X-CUBE-AZRTOS-WL.2.0.0
2024-09-22 10:34:43,806 [WARN] PackLoader:240 - Cannot read IP mode file for STMicroelectronics.FP-SNS-MOTENV1.5.0.0
2024-09-22 10:34:43,813 [WARN] PackLoader:240 - Cannot read IP mode file for wolfSSL.I-CUBE-wolfMQTT.1.19.0
2024-09-22 10:34:43,821 [WARN] PackLoader:240 - Cannot read IP mode file for WES.I-CUBE-Cesium.1.3.0
2024-09-22 10:34:43,827 [WARN] PackLoader:240 - Cannot read IP mode file for STMicroelectronics.X-CUBE-BLE2.3.3.0
2024-09-22 10:34:43,834 [WARN] PackLoader:240 - Cannot read IP mode file for STMicroelectronics.X-CUBE-TCPP.4.1.0
2024-09-22 10:34:43,843 [WARN] PackLoader:240 - Cannot read IP mode file for STMicroelectronics.X-CUBE-ALGOBUILD.1.3.0
2024-09-22 10:34:43,863 [WARN] PackLoader:240 - Cannot read IP mode file for STMicroelectronics.X-CUBE-AZRTOS-G0.1.1.0
2024-09-22 10:34:43,874 [WARN] PackLoader:240 - Cannot read IP mode file for STMicroelectronics.X-CUBE-SAFEA1.1.2.2
2024-09-22 10:34:43,881 [WARN] PackLoader:240 - Cannot read IP mode file for STMicroelectronics.X-CUBE-NFC4.3.0.0
2024-09-22 10:34:43,886 [ERROR] Engine:466 - C:\Users\Xavier\.stm32cubemx\thirdparties\pdsc\EmbeddedOffice.I-CUBE-FS-RTOS.1.0.1.pdsc: PDSC version is not supported
2024-09-22 10:34:43,894 [WARN] PackLoader:240 - Cannot read IP mode file for STMicroelectronics.X-CUBE-BLEMGR.3.0.0
2024-09-22 10:34:43,899 [ERROR] Engine:466 - C:\Users\Xavier\.stm32cubemx\thirdparties\pdsc\RealThread.X-CUBE-RT-Thread_Nano.4.1.1.pdsc: PDSC version is not supported
2024-09-22 10:34:43,905 [WARN] PackLoader:240 - Cannot read IP mode file for STMicroelectronics.FP-ATR-SIGFOX1.3.2.0
2024-09-22 10:34:43,912 [WARN] PackLoader:240 - Cannot read IP mode file for STMicroelectronics.X-CUBE-EEPRMA1.5.1.0
2024-09-22 10:34:43,958 [WARN] PackLoader:240 - Cannot read IP mode file for SEGGER.I-CUBE-embOS.1.3.1
2024-09-22 10:34:44,028 [WARN] PackLoader:240 - Cannot read IP mode file for STMicroelectronics.X-CUBE-ALGOBUILD.1.4.0
2024-09-22 10:34:44,036 [WARN] PackLoader:240 - Cannot read IP mode file for STMicroelectronics.X-CUBE-GNSS1.6.0.0
2024-09-22 10:34:44,053 [WARN] PackLoader:240 - Cannot read IP mode file for STMicroelectronics.X-CUBE-AZRTOS-F4.1.1.0
2024-09-22 10:34:44,060 [WARN] PackLoader:240 - Cannot read IP mode file for wolfSSL.I-CUBE-wolfSSL.5.6.4
2024-09-22 10:34:44,066 [WARN] PackLoader:240 - Cannot read IP mode file for STMicroelectronics.X-CUBE-ISPU.2.1.0
2024-09-22 10:34:44,073 [WARN] PackLoader:240 - Cannot read IP mode file for STMicroelectronics.X-CUBE-FREERTOS.1.2.0
2024-09-22 10:34:44,094 [WARN] PackLoader:240 - Cannot read IP mode file for STMicroelectronics.X-CUBE-AZRTOS-L5.2.0.0
2024-09-22 10:34:44,104 [WARN] PackLoader:240 - Cannot read IP mode file for STMicroelectronics.X-CUBE-EEPRMA1.4.2.0
2024-09-22 10:34:44,113 [WARN] PackLoader:240 - Cannot read IP mode file for STMicroelectronics.X-CUBE-NFC6.3.1.0
2024-09-22 10:34:44,122 [WARN] PackLoader:240 - Cannot read IP mode file for ITTIA_DB.I-CUBE-ITTIADB.8.8.0
2024-09-22 10:34:44,126 [ERROR] Engine:466 - C:\Users\Xavier\.stm32cubemx\thirdparties\pdsc\STMicroelectronics.X-CUBE-DPower.1.2.0.pdsc: PDSC version is not supported
2024-09-22 10:34:44,131 [WARN] PackLoader:240 - Cannot read IP mode file for STMicroelectronics.X-CUBE-AI.9.0.0
2024-09-22 10:34:44,150 [WARN] ConditionMgr:438 - getConditionDescription Invalid condition id : UX DEVICE CLASS RTOS Condition cause : null
2024-09-22 10:34:44,150 [WARN] ConditionMgr:438 - getConditionDescription Invalid condition id : UX DEVICE CLASS RTOS Condition cause : null
2024-09-22 10:34:44,155 [WARN] PackLoader:240 - Cannot read IP mode file for STMicroelectronics.X-CUBE-AZRTOS-H7.3.1.0
2024-09-22 10:34:44,156 [WARN] ConditionMgr:1039 - genDependencies : Invalid condition id : UX DEVICE CLASS RTOS Condition cause : null
2024-09-22 10:34:44,157 [WARN] ConditionMgr:1039 - genDependencies : Invalid condition id : UX DEVICE CLASS RTOS Condition cause : null
2024-09-22 10:34:44,158 [WARN] ConditionMgr:1039 - genDependencies : Invalid condition id : UX DEVICE CLASS RTOS Condition cause : null
2024-09-22 10:34:44,158 [WARN] ConditionMgr:1039 - genDependencies : Invalid condition id : UX DEVICE CLASS RTOS Condition cause : null
2024-09-22 10:34:44,158 [WARN] ConditionMgr:1039 - genDependencies : Invalid condition id : UX DEVICE CLASS RTOS Condition cause : null
2024-09-22 10:34:44,165 [WARN] PackLoader:240 - Cannot read IP mode file for STMicroelectronics.X-CUBE-NFC7.1.0.1
2024-09-22 10:34:44,172 [WARN] PackLoader:240 - Cannot read IP mode file for STMicroelectronics.X-CUBE-NFC6.3.0.0
2024-09-22 10:34:44,178 [WARN] PackLoader:240 - Cannot read IP mode file for STMicroelectronics.X-CUBE-AI.8.1.0
2024-09-22 10:34:44,201 [WARN] ConditionMgr:438 - getConditionDescription Invalid condition id : LAN8742 Phy interface Condition cause : null
2024-09-22 10:34:44,202 [WARN] PackLoader:240 - Cannot read IP mode file for STMicroelectronics.X-CUBE-AZRTOS-L4.2.0.0
2024-09-22 10:34:44,203 [WARN] ConditionMgr:1039 - genDependencies : Invalid condition id : LAN8742 Phy interface Condition cause : null
2024-09-22 10:34:44,204 [WARN] ConditionMgr:1039 - genDependencies : Invalid condition id : LAN8742 Phy interface Condition cause : null
2024-09-22 10:34:44,205 [WARN] ConditionMgr:1039 - genDependencies : Invalid condition id : LAN8742 Phy interface Condition cause : null
2024-09-22 10:34:44,212 [WARN] PackLoader:240 - Cannot read IP mode file for STMicroelectronics.X-CUBE-SFXS2LP1.4.0.0
2024-09-22 10:34:44,216 [WARN] PackLoader:240 - Cannot read IP mode file for STMicroelectronics.X-CUBE-ISPU.1.1.0
2024-09-22 10:34:44,237 [WARN] PackLoader:240 - Cannot read IP mode file for STMicroelectronics.X-CUBE-AZRTOS-H7.3.3.0
2024-09-22 10:34:44,250 [WARN] ConditionMgr:438 - getConditionDescription Invalid condition id : UX DEVICE CLASS RTOS Condition cause : null
2024-09-22 10:34:44,250 [WARN] ConditionMgr:438 - getConditionDescription Invalid condition id : UX DEVICE CLASS RTOS Condition cause : null
2024-09-22 10:34:44,252 [WARN] PackLoader:240 - Cannot read IP mode file for STMicroelectronics.X-CUBE-AZRTOS-WB.2.0.0
2024-09-22 10:34:44,253 [WARN] ConditionMgr:1039 - genDependencies : Invalid condition id : UX DEVICE CLASS RTOS Condition cause : null
2024-09-22 10:34:44,253 [WARN] ConditionMgr:1039 - genDependencies : Invalid condition id : UX DEVICE CLASS RTOS Condition cause : null
2024-09-22 10:34:44,253 [WARN] ConditionMgr:1039 - genDependencies : Invalid condition id : UX DEVICE CLASS RTOS Condition cause : null
2024-09-22 10:34:44,253 [WARN] ConditionMgr:1039 - genDependencies : Invalid condition id : UX DEVICE CLASS RTOS Condition cause : null
2024-09-22 10:34:44,253 [WARN] ConditionMgr:1039 - genDependencies : Invalid condition id : UX DEVICE CLASS RTOS Condition cause : null
2024-09-22 10:34:44,257 [WARN] PackLoader:240 - Cannot read IP mode file for STMicroelectronics.X-CUBE-GNSS1.7.0.0
2024-09-22 10:34:44,261 [ERROR] Engine:466 - C:\Users\Xavier\.stm32cubemx\thirdparties\pdsc\STMicroelectronics.FP-SNS-STBOX1.2.0.0.pdsc: PDSC version is not supported
2024-09-22 10:34:44,270 [WARN] PackLoader:240 - Cannot read IP mode file for STMicroelectronics.X-CUBE-SUBG2.5.0.0
2024-09-22 10:34:44,280 [WARN] PackLoader:240 - Cannot read IP mode file for Cesanta.I-CUBE-Mongoose.7.13.0
2024-09-22 10:34:44,295 [WARN] PackLoader:240 - Cannot read IP mode file for STMicroelectronics.X-CUBE-AZRTOS-G4.2.0.0
2024-09-22 10:34:44,310 [WARN] PackLoader:240 - Cannot read IP mode file for Infineon.AIROC-Wi-Fi-Bluetooth-STM32.1.5.1
2024-09-22 10:34:44,318 [WARN] PackLoader:240 - Cannot read IP mode file for STMicroelectronics.FP-SNS-MOTENVWB1.1.3.0
2024-09-22 10:34:44,322 [WARN] PackLoader:240 - Cannot read IP mode file for STMicroelectronics.X-CUBE-ISPU.2.0.0
2024-09-22 10:34:44,327 [WARN] PackLoader:240 - Cannot read IP mode file for STMicroelectronics.X-CUBE-ALS.1.0.2
2024-09-22 10:34:44,375 [WARN] PackLoader:240 - Cannot read IP mode file for STMicroelectronics.X-CUBE-MEMS1.10.0.0
2024-09-22 10:34:44,486 [WARN] PackLoader:240 - Cannot read IP mode file for STMicroelectronics.X-CUBE-FREERTOS.1.1.0
2024-09-22 10:34:44,490 [WARN] PackLoader:240 - Cannot read IP mode file for STMicroelectronics.X-CUBE-TOUCHGFX.4.24.0
2024-09-22 10:34:44,492 [WARN] PackLoader:240 - Cannot read IP mode file for STMicroelectronics.X-CUBE-TOUCHGFX.4.24.1
2024-09-22 10:34:44,495 [WARN] PackLoader:240 - Cannot read IP mode file for wolfSSL.I-CUBE-wolfTPM.3.4.0
2024-09-22 10:34:44,499 [WARN] PackLoader:240 - Cannot read IP mode file for portGmbH.I-Cube-SoM-uGOAL.1.1.0
2024-09-22 10:34:44,502 [WARN] PackLoader:240 - Cannot read IP mode file for STMicroelectronics.X-CUBE-ALS.1.0.1
2024-09-22 10:34:44,521 [WARN] PackLoader:240 - Cannot read IP mode file for STMicroelectronics.X-CUBE-AZRTOS-H7RS.1.0.0
2024-09-22 10:34:44,527 [WARN] PackLoader:240 - Cannot read IP mode file for STMicroelectronics.FP-ATR-ASTRA1.2.0.0
2024-09-22 10:34:44,532 [ERROR] Engine:466 - C:\Users\Xavier\.stm32cubemx\thirdparties\pdsc\STMicroelectronics.X-CUBE-TOF1.3.4.2.pdsc: PDSC version is not supported
2024-09-22 10:34:44,543 [WARN] PackLoader:240 - Cannot read IP mode file for STMicroelectronics.X-CUBE-TOF1.3.4.0
2024-09-22 10:34:44,560 [WARN] PackLoader:240 - Cannot read IP mode file for STMicroelectronics.X-CUBE-TOF1.3.4.1
2024-09-22 10:34:44,584 [WARN] PackLoader:240 - Cannot read IP mode file for STMicroelectronics.X-CUBE-AZRTOS-H7.3.2.0
2024-09-22 10:34:44,591 [WARN] PackLoader:240 - Cannot read IP mode file for wolfSSL.I-CUBE-wolfSSH.1.4.17
2024-09-22 10:34:44,591 [INFO] ThirdParty:978 - Integrity check success = true
2024-09-22 10:34:44,592 [INFO] IntegrityCheckThread:100 - exiting critical section [integrity check]
2024-09-22 10:34:44,592 [INFO] IntegrityCheckThread:103 - End integrity checks thread
2024-09-22 10:35:04,315 [ERROR] LogOutputStream:75 - [STDERR_REDIRECT] SLF4J: Failed to load class "org.slf4j.impl.StaticLoggerBinder".
2024-09-22 10:35:04,315 [ERROR] LogOutputStream:75 - [STDERR_REDIRECT] SLF4J: Defaulting to no-operation (NOP) logger implementation
2024-09-22 10:35:04,317 [ERROR] LogOutputStream:75 - [STDERR_REDIRECT] SLF4J: See http://www.slf4j.org/codes.html#StaticLoggerBinder for further details.
2024-09-22 10:47:09,218 [ERROR] LogOutputStream:75 - [STDERR_REDIRECT] 
2024-09-22 10:47:22,354 [INFO] Activator:176 - 


2024-09-22 10:47:22,361 [INFO] Activator:177 - !SESSION log4j initialized
2024-09-22 10:47:25,589 [INFO] LogOutputStream:77 - [STDOUT_REDIRECT] 
2024-09-22 14:59:37,811 [INFO] Activator:176 - 


2024-09-22 14:59:37,813 [INFO] Activator:177 - !SESSION log4j initialized
2024-09-22 14:59:41,421 [INFO] LogOutputStream:77 - [STDOUT_REDIRECT] 
2024-09-22 14:59:43,869 [INFO] ApplicationProperties:184 - Using Application install path: C:\ST\STM32CubeIDE_1.13.2\STM32CubeIDE\plugins\com.st.stm32cube.common.mx_6.9.2.202309101412
2024-09-22 14:59:43,888 [INFO] DbMcusXml:78 - Set database path to: C:\ST\STM32CubeIDE_1.13.2\STM32CubeIDE\plugins\com.st.stm32cube.common.mx_6.9.2.202309101412\\db\/mcu/
2024-09-22 14:59:43,888 [INFO] ApiDb:274 - Set plugin database path to: C:\ST\STM32CubeIDE_1.13.2\STM32CubeIDE\plugins\com.st.stm32cube.common.mx_6.9.2.202309101412\\db\/plugins/boardmanager/
2024-09-22 14:59:43,888 [WARN] ApiDb:259 - Overriding images path with different value:  => C:\ST\STM32CubeIDE_1.13.2\STM32CubeIDE\plugins\com.st.stm32cube.common.mx_6.9.2.202309101412\\db\/plugins/mcufinder/images/
2024-09-22 14:59:43,900 [INFO] ApiDb:250 - Set database path to: C:\Users\Xavier\.stmcufinder\plugins\mcufinder//mcu/
2024-09-22 14:59:43,901 [INFO] DbMcusAds:125 - Set database path to: C:\Users\Xavier\.stmcufinder\plugins\mcufinder//mcu/
2024-09-22 14:59:43,903 [INFO] CrossReferenceDbSqlite:203 - Set database path to: C:\Users\Xavier\.stmcufinder\plugins\mcufinder//mcu/cs/
2024-09-22 14:59:44,034 [INFO] RulesReader:64 - Compatibility file has been processed (293 Rules)
2024-09-22 14:59:44,126 [INFO] DbMcusXml:78 - Set database path to: C:\ST\STM32CubeIDE_1.13.2\STM32CubeIDE\plugins\com.st.stm32cube.common.mx_6.9.2.202309101412\\db\/mcu/
2024-09-22 14:59:44,126 [INFO] ApiDb:274 - Set plugin database path to: C:\ST\STM32CubeIDE_1.13.2\STM32CubeIDE\plugins\com.st.stm32cube.common.mx_6.9.2.202309101412\\db\/plugins/boardmanager/
2024-09-22 14:59:44,126 [INFO] ApiDb:261 - Set plugin images path to: C:\ST\STM32CubeIDE_1.13.2\STM32CubeIDE\plugins\com.st.stm32cube.common.mx_6.9.2.202309101412\\db\/plugins/mcufinder/images/
2024-09-22 14:59:44,126 [WARN] DbFile:41 - Overriding database path with different value: C:\Users\Xavier\.stmcufinder\plugins\mcufinder/ => C:\Users\Xavier\.stmcufinder\plugins\mcufinder
2024-09-22 14:59:44,126 [INFO] ApiDb:250 - Set database path to: C:\Users\Xavier\.stmcufinder\plugins\mcufinder//mcu/
2024-09-22 14:59:44,126 [WARN] DbFile:41 - Overriding database path with different value: C:\Users\Xavier\.stmcufinder\plugins\mcufinder/ => C:\Users\Xavier\.stmcufinder\plugins\mcufinder
2024-09-22 14:59:44,126 [INFO] DbMcusAds:125 - Set database path to: C:\Users\Xavier\.stmcufinder\plugins\mcufinder//mcu/
2024-09-22 14:59:44,126 [WARN] DbFile:41 - Overriding database path with different value: C:\Users\Xavier\.stmcufinder\plugins\mcufinder/ => C:\Users\Xavier\.stmcufinder\plugins\mcufinder
2024-09-22 14:59:44,126 [WARN] DbFile:41 - Overriding database path with different value: C:\Users\Xavier\.stmcufinder\plugins\mcufinder/ => C:\Users\Xavier\.stmcufinder\plugins\mcufinder
2024-09-22 14:59:44,126 [INFO] CrossReferenceDbSqlite:203 - Set database path to: C:\Users\Xavier\.stmcufinder\plugins\mcufinder//mcu/cs/
2024-09-22 14:59:44,209 [INFO] MainPanel:262 - HeapMemory: 268435456
2024-09-22 14:59:44,302 [INFO] DbMcusXml:78 - Set database path to: C:\ST\STM32CubeIDE_1.13.2\STM32CubeIDE\plugins\com.st.stm32cube.common.mx_6.9.2.202309101412\\db\/mcu/
2024-09-22 14:59:44,302 [INFO] ApiDb:274 - Set plugin database path to: C:\ST\STM32CubeIDE_1.13.2\STM32CubeIDE\plugins\com.st.stm32cube.common.mx_6.9.2.202309101412\\db\/plugins/boardmanager/
2024-09-22 14:59:44,304 [INFO] ApiDb:261 - Set plugin images path to: C:\ST\STM32CubeIDE_1.13.2\STM32CubeIDE\plugins\com.st.stm32cube.common.mx_6.9.2.202309101412\\db\/plugins/mcufinder/images/
2024-09-22 14:59:44,304 [WARN] DbFile:41 - Overriding database path with different value: C:\Users\Xavier\.stmcufinder\plugins\mcufinder/ => C:\Users\Xavier\.stmcufinder\plugins\mcufinder
2024-09-22 14:59:44,304 [INFO] ApiDb:250 - Set database path to: C:\Users\Xavier\.stmcufinder\plugins\mcufinder//mcu/
2024-09-22 14:59:44,304 [WARN] DbFile:41 - Overriding database path with different value: C:\Users\Xavier\.stmcufinder\plugins\mcufinder/ => C:\Users\Xavier\.stmcufinder\plugins\mcufinder
2024-09-22 14:59:44,304 [INFO] DbMcusAds:125 - Set database path to: C:\Users\Xavier\.stmcufinder\plugins\mcufinder//mcu/
2024-09-22 14:59:44,304 [WARN] DbFile:41 - Overriding database path with different value: C:\Users\Xavier\.stmcufinder\plugins\mcufinder/ => C:\Users\Xavier\.stmcufinder\plugins\mcufinder
2024-09-22 14:59:44,304 [WARN] DbFile:41 - Overriding database path with different value: C:\Users\Xavier\.stmcufinder\plugins\mcufinder/ => C:\Users\Xavier\.stmcufinder\plugins\mcufinder
2024-09-22 14:59:44,304 [INFO] CrossReferenceDbSqlite:203 - Set database path to: C:\Users\Xavier\.stmcufinder\plugins\mcufinder//mcu/cs/
2024-09-22 14:59:44,323 [INFO] ApplicationProperties:184 - Using Application install path: C:\ST\STM32CubeIDE_1.13.2\STM32CubeIDE\plugins\com.st.stm32cube.common.mx_6.9.2.202309101412
2024-09-22 14:59:44,324 [INFO] PluginManage:196 - Search for loadable plugins [exclusion list=, ]
2024-09-22 14:59:44,325 [INFO] PluginManage:310 - Check plugin analytics
2024-09-22 14:59:44,524 [INFO] AnalyticsPlugin:253 - Accepted Software Licenses: 
2024-09-22 14:59:44,524 [INFO] AnalyticsPlugin:255 - Accepted CMSIS Pack Licenses: 
2024-09-22 14:59:44,524 [INFO] AnalyticsPlugin:257 - Accepted Firmware Licenses: FW.F4.1.27.0
2024-09-22 14:59:44,527 [INFO] PluginManage:359 - Loaded plugin analytics (category:tool,tabindex:-1)
2024-09-22 14:59:44,527 [INFO] PluginManage:310 - Check plugin cadmodel
2024-09-22 14:59:44,534 [INFO] CADModel:105 - Init CAD model plugin
2024-09-22 14:59:44,534 [INFO] PluginManage:359 - Loaded plugin cadmodel (category:power,tabindex:5)
2024-09-22 14:59:44,534 [INFO] PluginManage:310 - Check plugin clock
2024-09-22 14:59:44,543 [INFO] PluginManage:359 - Loaded plugin clock (category:base,tabindex:2)
2024-09-22 14:59:44,544 [INFO] PluginManage:310 - Check plugin ddr
2024-09-22 14:59:44,546 [INFO] PluginManage:359 - Loaded plugin ddr (category:tool,tabindex:6)
2024-09-22 14:59:44,546 [INFO] PluginManage:310 - Check plugin filemanager
2024-09-22 14:59:44,689 [INFO] PluginManage:359 - Loaded plugin filemanager (category:base,tabindex:10)
2024-09-22 14:59:44,689 [INFO] PluginManage:310 - Check plugin ipmanager
2024-09-22 14:59:44,696 [INFO] PluginManage:359 - Loaded plugin ipmanager (category:base,tabindex:5)
2024-09-22 14:59:44,697 [INFO] PluginManage:310 - Check plugin lpbam
2024-09-22 14:59:44,705 [INFO] PluginManage:359 - Loaded plugin lpbam (category:base,tabindex:0)
2024-09-22 14:59:44,705 [INFO] PluginManage:310 - Check plugin memorymap
2024-09-22 14:59:44,718 [INFO] PluginManage:359 - Loaded plugin memorymap (category:base,tabindex:4)
2024-09-22 14:59:44,718 [INFO] PluginManage:310 - Check plugin pinoutandconfiguration
2024-09-22 14:59:44,725 [INFO] PluginManage:359 - Loaded plugin pinoutandconfiguration (category:base,tabindex:1)
2024-09-22 14:59:44,725 [INFO] PluginManage:310 - Check plugin pinoutconfig
2024-09-22 14:59:44,819 [WARN] SupportedApi:132 - Cannot load RTOS API schema: s4s-elt-must-match.1: The content of 'definitions' must match (annotation?, (simpleType | complexType)?, (unique | key | keyref)*)). A problem was found starting at: attribute.
2024-09-22 14:59:45,012 [INFO] PluginManage:359 - Loaded plugin pinoutconfig (category:base,tabindex:0)
2024-09-22 14:59:45,012 [INFO] PluginManage:310 - Check plugin power
2024-09-22 14:59:45,025 [INFO] PluginManage:359 - Loaded plugin power (category:power,tabindex:4)
2024-09-22 14:59:45,025 [INFO] PluginManage:310 - Check plugin projectmanager
2024-09-22 14:59:45,045 [INFO] PluginManage:359 - Loaded plugin projectmanager (category:projectmanager,tabindex:3)
2024-09-22 14:59:45,046 [INFO] PluginManage:310 - Check plugin thirdparty
2024-09-22 14:59:45,197 [INFO] PluginManage:359 - Loaded plugin thirdparty (category:base,tabindex:-1)
2024-09-22 14:59:45,197 [WARN] IntegrityCheckThread:84 - waiting for thirdparty lock release [integrity check]
2024-09-22 14:59:45,197 [INFO] PluginManage:310 - Check plugin tools
2024-09-22 14:59:45,197 [INFO] IntegrityCheckThread:86 - entering critical section [integrity check]
2024-09-22 14:59:45,197 [INFO] ThirdPartyUpdaterWithRetryManager:70 - Updater plugin not ready yet. [1/15]
2024-09-22 14:59:45,202 [INFO] PluginManage:359 - Loaded plugin tools (category:base,tabindex:7)
2024-09-22 14:59:45,202 [INFO] PluginManage:310 - Check plugin tutovideos
2024-09-22 14:59:45,379 [INFO] PluginManage:359 - Loaded plugin tutovideos (category:base,tabindex:-1)
2024-09-22 14:59:45,379 [INFO] PluginManage:310 - Check plugin updater
2024-09-22 14:59:45,394 [INFO] PluginManage:359 - Loaded plugin updater (category:base,tabindex:12)
2024-09-22 14:59:45,394 [INFO] PluginManage:310 - Check plugin userauth
2024-09-22 14:59:45,400 [INFO] UserAuth:113 - Init User Auth plugin
2024-09-22 14:59:45,400 [INFO] PluginManage:359 - Loaded plugin userauth (category:base,tabindex:14)
2024-09-22 14:59:45,400 [INFO] PluginManage:283 - PluginManage : Loaded plugins [17]
2024-09-22 14:59:45,625 [INFO] PinOutPanel:1499 - setPackage(No Configuration,No Configuration)
2024-09-22 14:59:45,739 [INFO] CADModel:165 - CPN selected for project level
2024-09-22 14:59:45,739 [INFO] CADModel:114 - Register for checkConnection events
2024-09-22 14:59:45,756 [INFO] IPUIPlugin:80 - create IPUIPlugin
2024-09-22 14:59:45,757 [INFO] PluginManager:220 - loadIPPluginJar : add adc
2024-09-22 14:59:45,760 [INFO] IPUIPlugin:80 - create IPUIPlugin
2024-09-22 14:59:45,760 [INFO] PluginManager:220 - loadIPPluginJar : add aes
2024-09-22 14:59:45,763 [INFO] IPUIPlugin:80 - create IPUIPlugin
2024-09-22 14:59:45,763 [INFO] PluginManager:220 - loadIPPluginJar : add can
2024-09-22 14:59:45,765 [INFO] IPUIPlugin:80 - create IPUIPlugin
2024-09-22 14:59:45,765 [INFO] PluginManager:220 - loadIPPluginJar : add comp
2024-09-22 14:59:45,769 [INFO] IPUIPlugin:80 - create IPUIPlugin
2024-09-22 14:59:45,769 [INFO] PluginManager:220 - loadIPPluginJar : add cryp
2024-09-22 14:59:45,771 [INFO] IPUIPlugin:80 - create IPUIPlugin
2024-09-22 14:59:45,771 [INFO] PluginManager:220 - loadIPPluginJar : add dfsdm
2024-09-22 14:59:45,777 [INFO] IPUIPlugin:80 - create IPUIPlugin
2024-09-22 14:59:45,778 [INFO] PluginManager:220 - loadIPPluginJar : add dma
2024-09-22 14:59:45,781 [INFO] IPUIPlugin:80 - create IPUIPlugin
2024-09-22 14:59:45,781 [INFO] PluginManager:220 - loadIPPluginJar : add dma3
2024-09-22 14:59:45,783 [INFO] IPUIPlugin:80 - create IPUIPlugin
2024-09-22 14:59:45,783 [INFO] PluginManager:220 - loadIPPluginJar : add fatfs
2024-09-22 14:59:45,787 [INFO] IPUIPlugin:80 - create IPUIPlugin
2024-09-22 14:59:45,787 [INFO] PluginManager:220 - loadIPPluginJar : add fmc
2024-09-22 14:59:45,793 [INFO] IPUIPlugin:80 - create IPUIPlugin
2024-09-22 14:59:45,794 [INFO] PluginManager:220 - loadIPPluginJar : add freertos
2024-09-22 14:59:45,795 [INFO] IPUIPlugin:80 - create IPUIPlugin
2024-09-22 14:59:45,796 [INFO] PluginManager:220 - loadIPPluginJar : add genericplugin
2024-09-22 14:59:45,799 [INFO] IPUIPlugin:80 - create IPUIPlugin
2024-09-22 14:59:45,799 [INFO] PluginManager:220 - loadIPPluginJar : add gfxmmu
2024-09-22 14:59:45,805 [INFO] IPUIPlugin:80 - create IPUIPlugin
2024-09-22 14:59:45,805 [INFO] PluginManager:220 - loadIPPluginJar : add gic
2024-09-22 14:59:45,810 [INFO] IPUIPlugin:80 - create IPUIPlugin
2024-09-22 14:59:45,810 [INFO] PluginManager:220 - loadIPPluginJar : add gpio
2024-09-22 14:59:45,814 [INFO] IPUIPlugin:80 - create IPUIPlugin
2024-09-22 14:59:45,814 [INFO] PluginManager:220 - loadIPPluginJar : add gtzc
2024-09-22 14:59:45,817 [INFO] IPUIPlugin:80 - create IPUIPlugin
2024-09-22 14:59:45,817 [INFO] PluginManager:220 - loadIPPluginJar : add hash
2024-09-22 14:59:45,819 [INFO] IPUIPlugin:80 - create IPUIPlugin
2024-09-22 14:59:45,819 [INFO] PluginManager:220 - loadIPPluginJar : add i2c
2024-09-22 14:59:45,822 [INFO] IPUIPlugin:80 - create IPUIPlugin
2024-09-22 14:59:45,822 [INFO] PluginManager:220 - loadIPPluginJar : add i2s
2024-09-22 14:59:45,825 [INFO] IPUIPlugin:80 - create IPUIPlugin
2024-09-22 14:59:45,826 [INFO] PluginManager:220 - loadIPPluginJar : add i3c
2024-09-22 14:59:45,830 [INFO] IPUIPlugin:80 - create IPUIPlugin
2024-09-22 14:59:45,830 [INFO] PluginManager:220 - loadIPPluginJar : add ipddr
2024-09-22 14:59:45,837 [INFO] IPUIPlugin:80 - create IPUIPlugin
2024-09-22 14:59:45,837 [INFO] PluginManager:220 - loadIPPluginJar : add linkedlist
2024-09-22 14:59:45,841 [INFO] IPUIPlugin:80 - create IPUIPlugin
2024-09-22 14:59:45,841 [INFO] PluginManager:220 - loadIPPluginJar : add lorawan
2024-09-22 14:59:45,843 [INFO] IPUIPlugin:80 - create IPUIPlugin
2024-09-22 14:59:45,843 [INFO] PluginManager:220 - loadIPPluginJar : add ltdc
2024-09-22 14:59:45,850 [INFO] IPUIPlugin:80 - create IPUIPlugin
2024-09-22 14:59:45,850 [INFO] PluginManager:220 - loadIPPluginJar : add mdma
2024-09-22 14:59:45,854 [INFO] IPUIPlugin:80 - create IPUIPlugin
2024-09-22 14:59:45,854 [INFO] PluginManager:220 - loadIPPluginJar : add nvic
2024-09-22 14:59:45,858 [INFO] IPUIPlugin:80 - create IPUIPlugin
2024-09-22 14:59:45,858 [INFO] PluginManager:220 - loadIPPluginJar : add opamp
2024-09-22 14:59:45,862 [INFO] IPUIPlugin:80 - create IPUIPlugin
2024-09-22 14:59:45,862 [INFO] PluginManager:220 - loadIPPluginJar : add openamp
2024-09-22 14:59:45,866 [INFO] IPUIPlugin:80 - create IPUIPlugin
2024-09-22 14:59:45,866 [INFO] PluginManager:220 - loadIPPluginJar : add pdm2pcm
2024-09-22 14:59:45,872 [INFO] IPUIPlugin:80 - create IPUIPlugin
2024-09-22 14:59:45,874 [INFO] PluginManager:220 - loadIPPluginJar : add plateformsettings
2024-09-22 14:59:45,876 [INFO] IPUIPlugin:80 - create IPUIPlugin
2024-09-22 14:59:45,876 [INFO] PluginManager:220 - loadIPPluginJar : add quadspi
2024-09-22 14:59:45,881 [INFO] IPUIPlugin:80 - create IPUIPlugin
2024-09-22 14:59:45,881 [INFO] PluginManager:220 - loadIPPluginJar : add resmgrutility
2024-09-22 14:59:45,884 [INFO] IPUIPlugin:80 - create IPUIPlugin
2024-09-22 14:59:45,884 [INFO] PluginManager:220 - loadIPPluginJar : add sai
2024-09-22 14:59:45,887 [INFO] IPUIPlugin:80 - create IPUIPlugin
2024-09-22 14:59:45,887 [INFO] PluginManager:220 - loadIPPluginJar : add spi
2024-09-22 14:59:45,893 [INFO] IPUIPlugin:80 - create IPUIPlugin
2024-09-22 14:59:45,893 [INFO] PluginManager:220 - loadIPPluginJar : add stm32_wpan
2024-09-22 14:59:45,895 [INFO] IPUIPlugin:80 - create IPUIPlugin
2024-09-22 14:59:45,896 [INFO] PluginManager:220 - loadIPPluginJar : add tim
2024-09-22 14:59:45,899 [INFO] IPUIPlugin:80 - create IPUIPlugin
2024-09-22 14:59:45,899 [INFO] PluginManager:220 - loadIPPluginJar : add touchsensing
2024-09-22 14:59:45,902 [INFO] IPUIPlugin:80 - create IPUIPlugin
2024-09-22 14:59:45,902 [INFO] PluginManager:220 - loadIPPluginJar : add tracer_emb
2024-09-22 14:59:45,904 [INFO] IPUIPlugin:80 - create IPUIPlugin
2024-09-22 14:59:45,904 [INFO] PluginManager:220 - loadIPPluginJar : add ts
2024-09-22 14:59:45,906 [INFO] IPUIPlugin:80 - create IPUIPlugin
2024-09-22 14:59:45,907 [INFO] PluginManager:220 - loadIPPluginJar : add tsc
2024-09-22 14:59:45,909 [INFO] IPUIPlugin:80 - create IPUIPlugin
2024-09-22 14:59:45,910 [INFO] PluginManager:220 - loadIPPluginJar : add ucpd
2024-09-22 14:59:45,913 [INFO] IPUIPlugin:80 - create IPUIPlugin
2024-09-22 14:59:45,913 [INFO] PluginManager:220 - loadIPPluginJar : add usart
2024-09-22 14:59:45,916 [INFO] IPUIPlugin:80 - create IPUIPlugin
2024-09-22 14:59:45,916 [INFO] PluginManager:220 - loadIPPluginJar : add usbx
2024-09-22 14:59:46,049 [INFO] CADModel:165 - CPN selected for project level
2024-09-22 14:59:46,049 [INFO] CADModel:114 - Register for checkConnection events
2024-09-22 14:59:46,050 [FATAL] Updater:308 - Updater called before beeing initialized
2024-09-22 14:59:46,050 [ERROR] CADModel:125 - Updater not yet initialized, retry later 
2024-09-22 14:59:46,224 [INFO] CADModel:165 - CPN selected for project level
2024-09-22 14:59:46,225 [INFO] CADModel:114 - Register for checkConnection events
2024-09-22 14:59:46,225 [FATAL] Updater:308 - Updater called before beeing initialized
2024-09-22 14:59:46,225 [ERROR] CADModel:125 - Updater not yet initialized, retry later 
2024-09-22 14:59:46,229 [FATAL] Updater:308 - Updater called before beeing initialized
2024-09-22 14:59:46,335 [FATAL] Updater:308 - Updater called before beeing initialized
2024-09-22 14:59:46,341 [INFO] DbMcusAds:53 - JSON generation date=Thu May 16 17:22:00 CST 2024 (1715851320667)
2024-09-22 14:59:46,341 [FATAL] Updater:308 - Updater called before beeing initialized
2024-09-22 14:59:46,380 [WARN] DetailPanel:346 - Failed to get advertising image, set to default
2024-09-22 14:59:46,481 [FATAL] Updater:308 - Updater called before beeing initialized
2024-09-22 14:59:46,483 [FATAL] Updater:308 - Updater called before beeing initialized
2024-09-22 14:59:46,483 [FATAL] Updater:308 - Updater called before beeing initialized
2024-09-22 14:59:46,483 [WARN] DetailPanel:346 - Failed to get advertising image, set to default
2024-09-22 14:59:46,484 [FATAL] Updater:308 - Updater called before beeing initialized
2024-09-22 14:59:46,535 [ERROR] Updater:1120 - MainUpdater not yet initialized. External WinMGr cannot be set.
2024-09-22 14:59:46,537 [INFO] Updater:1056 - Updater Version found : 6.9.2
2024-09-22 14:59:46,561 [INFO] ApplicationProperties:184 - Using Application install path: C:\ST\STM32CubeIDE_1.13.2\STM32CubeIDE\plugins\com.st.stm32cube.common.mx_6.9.2.202309101412
2024-09-22 14:59:46,698 [INFO] MainUpdater:2868 - connection check result : 10
2024-09-22 14:59:46,700 [INFO] MainUpdater:285 - Updater Check For Update Now.
2024-09-22 14:59:46,700 [INFO] MicroXplorer:498 - Change Database Version : DB.6.0.92
2024-09-22 14:59:46,712 [INFO] McuFinderGlobals:63 - Set McuFinder mode to 2 (CubeIDE integrated)
2024-09-22 14:59:46,713 [INFO] UserAuth:179 - activating auth plugin
2024-09-22 14:59:46,715 [INFO] UserAuth:393 - Internet connection configuration mode: 1
2024-09-22 14:59:46,743 [INFO] JxBrowserEngine:151 - Initiate JxBrowser Engine with user profile folder
2024-09-22 14:59:46,903 [INFO] CheckServerUpdateThread:120 - End of CheckServer Thread
2024-09-22 14:59:47,797 [INFO] WebApp:157 - Instantiating new browser for Auth
2024-09-22 14:59:48,473 [WARN] PackLoader:240 - Cannot read IP mode file for STMicroelectronics.FP-SNS-MOTENVWB1.1.4.0
2024-09-22 14:59:48,488 [INFO] WebApp:753 - Register for checkConnection events
2024-09-22 14:59:48,488 [INFO] WebApp:390 - Apply proxy settings
2024-09-22 14:59:48,488 [INFO] WebApp:475 - Chromium requires no authentication
2024-09-22 14:59:48,492 [WARN] PackLoader:240 - Cannot read IP mode file for STMicroelectronics.X-CUBE-SMBUS.2.1.0
2024-09-22 14:59:48,500 [WARN] PackLoader:240 - Cannot read IP mode file for STMicroelectronics.X-CUBE-TOUCHGFX.4.23.2
2024-09-22 14:59:48,506 [INFO] WebApp:418 - Direct internet connection detected
2024-09-22 14:59:48,544 [WARN] PackLoader:240 - Cannot read IP mode file for STMicroelectronics.X-CUBE-AZRTOS-F7.1.1.0
2024-09-22 14:59:48,556 [WARN] PackLoader:240 - Cannot read IP mode file for STMicroelectronics.FP-SNS-MOTENV1.4.3.2
2024-09-22 14:59:48,673 [WARN] PackLoader:240 - Cannot read IP mode file for STMicroelectronics.X-CUBE-MEMS1.11.0.0
2024-09-22 14:59:48,968 [INFO] WebApp:188 - Starting web application
2024-09-22 14:59:48,970 [INFO] WebApp:520 - Web application path used C:\ST\STM32CubeIDE_1.13.2\STM32CubeIDE\plugins\com.st.stm32cube.common.mx_6.9.2.202309101412\db\plugins\mcufinder\reactClient1\index.html
2024-09-22 14:59:49,000 [WARN] PackLoader:240 - Cannot read IP mode file for STMicroelectronics.FP-SNS-FLIGHT1.5.0.2
2024-09-22 14:59:49,013 [WARN] PackLoader:240 - Cannot read IP mode file for STMicroelectronics.X-CUBE-DISPLAY.3.0.0
2024-09-22 14:59:49,025 [WARN] PackLoader:240 - Cannot read IP mode file for STMicroelectronics.X-CUBE-BLE1.7.0.0
2024-09-22 14:59:49,032 [WARN] PackLoader:240 - Cannot read IP mode file for emotas.I-CUBE-CANOPEN.1.3.0
2024-09-22 14:59:49,036 [WARN] PackLoader:240 - Cannot read IP mode file for STMicroelectronics.X-CUBE-TOUCHGFX.4.22.1
2024-09-22 14:59:49,052 [WARN] PackLoader:240 - Cannot read IP mode file for STMicroelectronics.X-CUBE-BLEMGR.3.1.0
2024-09-22 14:59:49,061 [WARN] PackLoader:240 - Cannot read IP mode file for STMicroelectronics.FP-SNS-SMARTAG2.1.2.0
2024-09-22 14:59:49,073 [INFO] LogOutputStream:77 - [STDOUT_REDIRECT] 1 : Invalid condition id : UX_CORESTACK_Condition cause : null
2024-09-22 14:59:49,074 [INFO] LogOutputStream:77 - [STDOUT_REDIRECT] 1 : Invalid condition id : UX_CORESTACK_Condition cause : null
2024-09-22 14:59:49,077 [INFO] LogOutputStream:77 - [STDOUT_REDIRECT] 1 : Invalid condition id : UX_CORESTACK_Condition cause : null
2024-09-22 14:59:49,080 [INFO] LogOutputStream:77 - [STDOUT_REDIRECT] 1 : Invalid condition id : UX_CORESTACK_Condition cause : null
2024-09-22 14:59:49,081 [INFO] LogOutputStream:77 - [STDOUT_REDIRECT] 1 : Invalid condition id : UX_CORESTACK_Condition cause : null
2024-09-22 14:59:49,087 [WARN] PackLoader:240 - Cannot read IP mode file for STMicroelectronics.X-CUBE-AZRTOS-WL.2.0.0
2024-09-22 14:59:49,095 [WARN] PackLoader:240 - Cannot read IP mode file for STMicroelectronics.FP-SNS-MOTENV1.5.0.0
2024-09-22 14:59:49,103 [WARN] PackLoader:240 - Cannot read IP mode file for wolfSSL.I-CUBE-wolfMQTT.1.19.0
2024-09-22 14:59:49,118 [WARN] PackLoader:240 - Cannot read IP mode file for WES.I-CUBE-Cesium.1.3.0
2024-09-22 14:59:49,125 [WARN] PackLoader:240 - Cannot read IP mode file for STMicroelectronics.X-CUBE-BLE2.3.3.0
2024-09-22 14:59:49,135 [WARN] PackLoader:240 - Cannot read IP mode file for STMicroelectronics.X-CUBE-TCPP.4.1.0
2024-09-22 14:59:49,146 [WARN] PackLoader:240 - Cannot read IP mode file for STMicroelectronics.X-CUBE-ALGOBUILD.1.3.0
2024-09-22 14:59:49,181 [WARN] PackLoader:240 - Cannot read IP mode file for STMicroelectronics.X-CUBE-AZRTOS-G0.1.1.0
2024-09-22 14:59:49,195 [WARN] PackLoader:240 - Cannot read IP mode file for STMicroelectronics.X-CUBE-SAFEA1.1.2.2
2024-09-22 14:59:49,206 [WARN] PackLoader:240 - Cannot read IP mode file for STMicroelectronics.X-CUBE-NFC4.3.0.0
2024-09-22 14:59:49,212 [ERROR] Engine:466 - C:\Users\Xavier\.stm32cubemx\thirdparties\pdsc\EmbeddedOffice.I-CUBE-FS-RTOS.1.0.1.pdsc: PDSC version is not supported
2024-09-22 14:59:49,225 [WARN] PackLoader:240 - Cannot read IP mode file for STMicroelectronics.X-CUBE-BLEMGR.3.0.0
2024-09-22 14:59:49,233 [ERROR] Engine:466 - C:\Users\Xavier\.stm32cubemx\thirdparties\pdsc\RealThread.X-CUBE-RT-Thread_Nano.4.1.1.pdsc: PDSC version is not supported
2024-09-22 14:59:49,238 [WARN] PackLoader:240 - Cannot read IP mode file for STMicroelectronics.FP-ATR-SIGFOX1.3.2.0
2024-09-22 14:59:49,247 [WARN] PackLoader:240 - Cannot read IP mode file for STMicroelectronics.X-CUBE-EEPRMA1.5.1.0
2024-09-22 14:59:49,301 [WARN] PackLoader:240 - Cannot read IP mode file for SEGGER.I-CUBE-embOS.1.3.1
2024-09-22 14:59:49,352 [WARN] PackLoader:240 - Cannot read IP mode file for STMicroelectronics.X-CUBE-ALGOBUILD.1.4.0
2024-09-22 14:59:49,358 [WARN] PackLoader:240 - Cannot read IP mode file for STMicroelectronics.X-CUBE-GNSS1.6.0.0
2024-09-22 14:59:49,376 [WARN] PackLoader:240 - Cannot read IP mode file for STMicroelectronics.X-CUBE-AZRTOS-F4.1.1.0
2024-09-22 14:59:49,383 [WARN] PackLoader:240 - Cannot read IP mode file for wolfSSL.I-CUBE-wolfSSL.5.6.4
2024-09-22 14:59:49,389 [WARN] PackLoader:240 - Cannot read IP mode file for STMicroelectronics.X-CUBE-ISPU.2.1.0
2024-09-22 14:59:49,394 [WARN] PackLoader:240 - Cannot read IP mode file for STMicroelectronics.X-CUBE-FREERTOS.1.2.0
2024-09-22 14:59:49,422 [WARN] PackLoader:240 - Cannot read IP mode file for STMicroelectronics.X-CUBE-AZRTOS-L5.2.0.0
2024-09-22 14:59:49,434 [WARN] PackLoader:240 - Cannot read IP mode file for STMicroelectronics.X-CUBE-EEPRMA1.4.2.0
2024-09-22 14:59:49,446 [WARN] PackLoader:240 - Cannot read IP mode file for STMicroelectronics.X-CUBE-NFC6.3.1.0
2024-09-22 14:59:49,455 [WARN] PackLoader:240 - Cannot read IP mode file for ITTIA_DB.I-CUBE-ITTIADB.8.8.0
2024-09-22 14:59:49,459 [ERROR] Engine:466 - C:\Users\Xavier\.stm32cubemx\thirdparties\pdsc\STMicroelectronics.X-CUBE-DPower.1.2.0.pdsc: PDSC version is not supported
2024-09-22 14:59:49,463 [WARN] PackLoader:240 - Cannot read IP mode file for STMicroelectronics.X-CUBE-AI.9.0.0
2024-09-22 14:59:49,479 [WARN] ConditionMgr:438 - getConditionDescription Invalid condition id : UX DEVICE CLASS RTOS Condition cause : null
2024-09-22 14:59:49,480 [WARN] ConditionMgr:438 - getConditionDescription Invalid condition id : UX DEVICE CLASS RTOS Condition cause : null
2024-09-22 14:59:49,484 [WARN] PackLoader:240 - Cannot read IP mode file for STMicroelectronics.X-CUBE-AZRTOS-H7.3.1.0
2024-09-22 14:59:49,485 [WARN] ConditionMgr:1039 - genDependencies : Invalid condition id : UX DEVICE CLASS RTOS Condition cause : null
2024-09-22 14:59:49,485 [WARN] ConditionMgr:1039 - genDependencies : Invalid condition id : UX DEVICE CLASS RTOS Condition cause : null
2024-09-22 14:59:49,485 [WARN] ConditionMgr:1039 - genDependencies : Invalid condition id : UX DEVICE CLASS RTOS Condition cause : null
2024-09-22 14:59:49,486 [WARN] ConditionMgr:1039 - genDependencies : Invalid condition id : UX DEVICE CLASS RTOS Condition cause : null
2024-09-22 14:59:49,486 [WARN] ConditionMgr:1039 - genDependencies : Invalid condition id : UX DEVICE CLASS RTOS Condition cause : null
2024-09-22 14:59:49,496 [WARN] PackLoader:240 - Cannot read IP mode file for STMicroelectronics.X-CUBE-NFC7.1.0.1
2024-09-22 14:59:49,504 [WARN] PackLoader:240 - Cannot read IP mode file for STMicroelectronics.X-CUBE-NFC6.3.0.0
2024-09-22 14:59:49,508 [WARN] PackLoader:240 - Cannot read IP mode file for STMicroelectronics.X-CUBE-AI.8.1.0
2024-09-22 14:59:49,527 [WARN] ConditionMgr:438 - getConditionDescription Invalid condition id : LAN8742 Phy interface Condition cause : null
2024-09-22 14:59:49,528 [WARN] PackLoader:240 - Cannot read IP mode file for STMicroelectronics.X-CUBE-AZRTOS-L4.2.0.0
2024-09-22 14:59:49,529 [WARN] ConditionMgr:1039 - genDependencies : Invalid condition id : LAN8742 Phy interface Condition cause : null
2024-09-22 14:59:49,529 [WARN] ConditionMgr:1039 - genDependencies : Invalid condition id : LAN8742 Phy interface Condition cause : null
2024-09-22 14:59:49,530 [WARN] ConditionMgr:1039 - genDependencies : Invalid condition id : LAN8742 Phy interface Condition cause : null
2024-09-22 14:59:49,540 [WARN] PackLoader:240 - Cannot read IP mode file for STMicroelectronics.X-CUBE-SFXS2LP1.4.0.0
2024-09-22 14:59:49,545 [WARN] PackLoader:240 - Cannot read IP mode file for STMicroelectronics.X-CUBE-ISPU.1.1.0
2024-09-22 14:59:49,573 [WARN] PackLoader:240 - Cannot read IP mode file for STMicroelectronics.X-CUBE-AZRTOS-H7.3.3.0
2024-09-22 14:59:49,594 [WARN] ConditionMgr:438 - getConditionDescription Invalid condition id : UX DEVICE CLASS RTOS Condition cause : null
2024-09-22 14:59:49,595 [WARN] ConditionMgr:438 - getConditionDescription Invalid condition id : UX DEVICE CLASS RTOS Condition cause : null
2024-09-22 14:59:49,599 [WARN] PackLoader:240 - Cannot read IP mode file for STMicroelectronics.X-CUBE-AZRTOS-WB.2.0.0
2024-09-22 14:59:49,599 [WARN] ConditionMgr:1039 - genDependencies : Invalid condition id : UX DEVICE CLASS RTOS Condition cause : null
2024-09-22 14:59:49,599 [WARN] ConditionMgr:1039 - genDependencies : Invalid condition id : UX DEVICE CLASS RTOS Condition cause : null
2024-09-22 14:59:49,600 [WARN] ConditionMgr:1039 - genDependencies : Invalid condition id : UX DEVICE CLASS RTOS Condition cause : null
2024-09-22 14:59:49,601 [WARN] ConditionMgr:1039 - genDependencies : Invalid condition id : UX DEVICE CLASS RTOS Condition cause : null
2024-09-22 14:59:49,601 [WARN] ConditionMgr:1039 - genDependencies : Invalid condition id : UX DEVICE CLASS RTOS Condition cause : null
2024-09-22 14:59:49,609 [WARN] PackLoader:240 - Cannot read IP mode file for STMicroelectronics.X-CUBE-GNSS1.7.0.0
2024-09-22 14:59:49,614 [ERROR] Engine:466 - C:\Users\Xavier\.stm32cubemx\thirdparties\pdsc\STMicroelectronics.FP-SNS-STBOX1.2.0.0.pdsc: PDSC version is not supported
2024-09-22 14:59:49,626 [WARN] PackLoader:240 - Cannot read IP mode file for STMicroelectronics.X-CUBE-SUBG2.5.0.0
2024-09-22 14:59:49,635 [WARN] PackLoader:240 - Cannot read IP mode file for Cesanta.I-CUBE-Mongoose.7.13.0
2024-09-22 14:59:49,652 [WARN] PackLoader:240 - Cannot read IP mode file for STMicroelectronics.X-CUBE-AZRTOS-G4.2.0.0
2024-09-22 14:59:49,667 [WARN] PackLoader:240 - Cannot read IP mode file for Infineon.AIROC-Wi-Fi-Bluetooth-STM32.1.5.1
2024-09-22 14:59:49,676 [WARN] PackLoader:240 - Cannot read IP mode file for STMicroelectronics.FP-SNS-MOTENVWB1.1.3.0
2024-09-22 14:59:49,681 [WARN] PackLoader:240 - Cannot read IP mode file for STMicroelectronics.X-CUBE-ISPU.2.0.0
2024-09-22 14:59:49,685 [WARN] PackLoader:240 - Cannot read IP mode file for STMicroelectronics.X-CUBE-ALS.1.0.2
2024-09-22 14:59:49,718 [WARN] PackLoader:240 - Cannot read IP mode file for STMicroelectronics.X-CUBE-MEMS1.10.0.0
2024-09-22 14:59:49,856 [WARN] PackLoader:240 - Cannot read IP mode file for STMicroelectronics.X-CUBE-FREERTOS.1.1.0
2024-09-22 14:59:49,859 [WARN] PackLoader:240 - Cannot read IP mode file for STMicroelectronics.X-CUBE-TOUCHGFX.4.24.0
2024-09-22 14:59:49,861 [WARN] PackLoader:240 - Cannot read IP mode file for STMicroelectronics.X-CUBE-TOUCHGFX.4.24.1
2024-09-22 14:59:49,865 [WARN] PackLoader:240 - Cannot read IP mode file for wolfSSL.I-CUBE-wolfTPM.3.4.0
2024-09-22 14:59:49,870 [WARN] PackLoader:240 - Cannot read IP mode file for portGmbH.I-Cube-SoM-uGOAL.1.1.0
2024-09-22 14:59:49,874 [WARN] PackLoader:240 - Cannot read IP mode file for STMicroelectronics.X-CUBE-ALS.1.0.1
2024-09-22 14:59:49,889 [WARN] PackLoader:240 - Cannot read IP mode file for STMicroelectronics.X-CUBE-AZRTOS-H7RS.1.0.0
2024-09-22 14:59:49,896 [WARN] PackLoader:240 - Cannot read IP mode file for STMicroelectronics.FP-ATR-ASTRA1.2.0.0
2024-09-22 14:59:49,901 [ERROR] Engine:466 - C:\Users\Xavier\.stm32cubemx\thirdparties\pdsc\STMicroelectronics.X-CUBE-TOF1.3.4.2.pdsc: PDSC version is not supported
2024-09-22 14:59:49,910 [WARN] PackLoader:240 - Cannot read IP mode file for STMicroelectronics.X-CUBE-TOF1.3.4.0
2024-09-22 14:59:49,929 [WARN] PackLoader:240 - Cannot read IP mode file for STMicroelectronics.X-CUBE-TOF1.3.4.1
2024-09-22 14:59:49,955 [WARN] PackLoader:240 - Cannot read IP mode file for STMicroelectronics.X-CUBE-AZRTOS-H7.3.2.0
2024-09-22 14:59:49,963 [WARN] PackLoader:240 - Cannot read IP mode file for wolfSSL.I-CUBE-wolfSSH.1.4.17
2024-09-22 14:59:49,963 [INFO] ThirdParty:978 - Integrity check success = true
2024-09-22 14:59:49,963 [INFO] IntegrityCheckThread:100 - exiting critical section [integrity check]
2024-09-22 14:59:49,963 [INFO] IntegrityCheckThread:103 - End integrity checks thread
2024-09-22 15:00:09,884 [ERROR] LogOutputStream:75 - [STDERR_REDIRECT] SLF4J: Failed to load class "org.slf4j.impl.StaticLoggerBinder".
2024-09-22 15:00:09,885 [ERROR] LogOutputStream:75 - [STDERR_REDIRECT] SLF4J: Defaulting to no-operation (NOP) logger implementation
2024-09-22 15:00:09,887 [ERROR] LogOutputStream:75 - [STDERR_REDIRECT] SLF4J: See http://www.slf4j.org/codes.html#StaticLoggerBinder for further details.
2024-09-22 15:15:00,325 [ERROR] LogOutputStream:75 - [STDERR_REDIRECT] 
